<?xml version="1.0" encoding="UTF-8"?>
<!-- Generated by org.testng.reporters.JUnitReportReporter -->
<testsuite hostname="LAPTOP-J9N15IOK" failures="0" tests="1" name="com.Test.TestCase_2" time="3.685" errors="0" timestamp="2023-12-08T16:05:50 IST" skipped="0">
  <testcase classname="com.Test.TestCase_2" name="verify_logout" time="3.685"/>
  <system-out/>
</testsuite> <!-- com.Test.TestCase_2 -->
