<?xml version="1.0" encoding="UTF-8"?>
<!-- Generated by org.testng.reporters.JUnitReportReporter -->
<testsuite hostname="LAPTOP-J9N15IOK" failures="0" tests="1" name="com.Test.TestCase_1" time="20.664" errors="0" timestamp="2024-02-05T12:08:43 IST" skipped="0">
  <testcase classname="com.Test.TestCase_1" name="verify_login" time="20.664"/>
  <system-out/>
</testsuite> <!-- com.Test.TestCase_1 -->
