<?xml version="1.0" encoding="UTF-8"?>
<!-- Generated by org.testng.reporters.JUnitReportReporter -->
<testsuite hostname="LAPTOP-J9N15IOK" failures="0" tests="1" name="com.Test.TestCase_1" time="62.174" errors="0" timestamp="2023-12-11T18:05:34 IST" skipped="0">
  <testcase classname="com.Test.TestCase_1" name="verify_login" time="62.174"/>
  <system-out/>
</testsuite> <!-- com.Test.TestCase_1 -->
